<?xml version="1.0" encoding="UTF-8"?>
<testng-results ignored="0" total="1" passed="1" failed="0" skipped="0">
  <reporter-output>
  </reporter-output>
  <suite started-at="2023-02-27T10:55:21Z" name="Suite" finished-at="2023-02-27T10:55:32Z" duration-ms="11044">
    <groups>
    </groups>
    <test started-at="2023-02-27T10:55:21Z" name="Test" finished-at="2023-02-27T10:55:32Z" duration-ms="11044">
      <class name="testng.Pizzahut_testNG">
        <test-method is-config="true" signature="pizzahut()[pri:0, instance:testng.Pizzahut_testNG@7a55f148]" started-at="2023-02-27T10:55:21Z" name="pizzahut" finished-at="2023-02-27T10:55:23Z" duration-ms="1805" status="PASS">
          <reporter-output>
          </reporter-output>
        </test-method> <!-- pizzahut -->
        <test-method signature="pizzaSelection()[pri:0, instance:testng.Pizzahut_testNG@7a55f148]" started-at="2023-02-27T10:55:23Z" name="pizzaSelection" finished-at="2023-02-27T10:55:32Z" duration-ms="9096" status="PASS">
          <reporter-output>
          </reporter-output>
        </test-method> <!-- pizzaSelection -->
        <test-method is-config="true" signature="closeDriver()[pri:0, instance:testng.Pizzahut_testNG@7a55f148]" started-at="2023-02-27T10:55:32Z" name="closeDriver" finished-at="2023-02-27T10:55:32Z" duration-ms="128" status="PASS">
          <reporter-output>
          </reporter-output>
        </test-method> <!-- closeDriver -->
      </class> <!-- testng.Pizzahut_testNG -->
    </test> <!-- Test -->
  </suite> <!-- Suite -->
</testng-results>
